Using pre-set license
Built from '2020.3/staging' branch; Version is '2020.3.10f1 (297d780c91bc) revision 2719096'; Using compiler version '192528614'; Build Type 'Release'
OS: 'Windows 10 Pro; OS build 19042.1288; Version 2009; 64bit' Language: 'tr' Physical Memory: 15731 MB
BatchMode: 1, IsHumanControllingUs: 0, StartBugReporterOnCrash: 0, Is64bit: 1, IsPro: 0

 COMMAND LINE ARGUMENTS:
C:\Users\ekola\Desktop\Unity Projects\2020.3.10f1\Editor\Unity.exe
-adb2
-batchMode
-noUpm
-name
AssetImportWorker0
-projectPath
C:/Users/ekola/Desktop/Unity Projects/Snowboard-3D/Snowboard
-logFile
Logs/AssetImportWorker0.log
-srvPort
58228
Successfully changed project path to: C:/Users/ekola/Desktop/Unity Projects/Snowboard-3D/Snowboard
C:/Users/ekola/Desktop/Unity Projects/Snowboard-3D/Snowboard
Using Asset Import Pipeline V2.
Refreshing native plugins compatible for Editor in 48.18 ms, found 2 plugins.
Preloading 0 native plugins for Editor in 0.00 ms.
Initialize engine version: 2020.3.10f1 (297d780c91bc)
[Subsystems] Discovering subsystems at path C:/Users/ekola/Desktop/Unity Projects/2020.3.10f1/Editor/Data/Resources/UnitySubsystems
[Subsystems] Discovering subsystems at path C:/Users/ekola/Desktop/Unity Projects/Snowboard-3D/Snowboard/Assets
GfxDevice: creating device client; threaded=0
Direct3D:
    Version:  Direct3D 11.0 [level 11.1]
    Renderer: NVIDIA GeForce GTX 1660 Ti with Max-Q Design (ID=0x2191)
    Vendor:   
    VRAM:     5991 MB
    Driver:   30.0.14.9649
Initialize mono
Mono path[0] = 'C:/Users/ekola/Desktop/Unity Projects/2020.3.10f1/Editor/Data/Managed'
Mono path[1] = 'C:/Users/ekola/Desktop/Unity Projects/2020.3.10f1/Editor/Data/MonoBleedingEdge/lib/mono/unityjit'
Mono config path = 'C:/Users/ekola/Desktop/Unity Projects/2020.3.10f1/Editor/Data/MonoBleedingEdge/etc'
Using monoOptions --debugger-agent=transport=dt_socket,embedding=1,server=y,suspend=n,address=127.0.0.1:56316
Begin MonoManager ReloadAssembly
Registering precompiled unity dll's ...
Register platform support module: C:/Users/ekola/Desktop/Unity Projects/2020.3.10f1/Editor/Data/PlaybackEngines/WindowsStandaloneSupport/UnityEditor.WindowsStandalone.Extensions.dll
Registered in 0.001574 seconds.
Native extension for WindowsStandalone target not found
Refreshing native plugins compatible for Editor in 56.60 ms, found 2 plugins.
Preloading 0 native plugins for Editor in 0.00 ms.
Mono: successfully reloaded assembly
- Completed reload, in  1.852 seconds
Platform modules already initialized, skipping
Registering precompiled user dll's ...
Registered in 0.003967 seconds.
Begin MonoManager ReloadAssembly
Native extension for WindowsStandalone target not found
Refreshing native plugins compatible for Editor in 0.71 ms, found 2 plugins.
Preloading 0 native plugins for Editor in 0.00 ms.
Mono: successfully reloaded assembly
- Completed reload, in  0.938 seconds
Platform modules already initialized, skipping
========================================================================
Worker process is ready to serve import requests
Launched and connected shader compiler UnityShaderCompiler.exe after 0.04 seconds
Refreshing native plugins compatible for Editor in 0.91 ms, found 2 plugins.
Preloading 0 native plugins for Editor in 0.00 ms.
Unloading 1760 Unused Serialized files (Serialized files now loaded: 0)
System memory in use before: 95.9 MB.
System memory in use after: 95.9 MB.

Unloading 22 unused Assets to reduce memory usage. Loaded Objects now: 2219.
Total: 4.293100 ms (FindLiveObjects: 0.506700 ms CreateObjectMapping: 0.167700 ms MarkObjects: 3.458100 ms  DeleteObjects: 0.157700 ms)

========================================================================
Received Import Request.
  path: Assets/Level.cs
  artifactKey: Guid(e05bd1ff207410c4882e04093812331b) Importer(815301076,1909f56bfc062723c751e8b465ee728b)
Start importing Assets/Level.cs using Guid(e05bd1ff207410c4882e04093812331b) Importer(815301076,1909f56bfc062723c751e8b465ee728b)  -> (artifact id: '029b5c47d3069a3a497e6fb18b0b80bb') in 0.032556 seconds
  Import took 0.036015 seconds .

========================================================================
Received Import Request.
  Time since last request: 39.954841 seconds.
  path: Assets/Level Scripts
  artifactKey: Guid(b4f9bc6161280244f8dc503e13ae7b92) Importer(815301076,1909f56bfc062723c751e8b465ee728b)
Start importing Assets/Level Scripts using Guid(b4f9bc6161280244f8dc503e13ae7b92) Importer(815301076,1909f56bfc062723c751e8b465ee728b)  -> (artifact id: 'b15c02c10898e7b55a4b19091341ad8a') in 0.007902 seconds
  Import took 0.010936 seconds .

========================================================================
Received Import Request.
  Time since last request: 7.378854 seconds.
  path: Assets/Level Scripts/Level1.asset
  artifactKey: Guid(3c0afbf594020b546bd58d9eacf079eb) Importer(815301076,1909f56bfc062723c751e8b465ee728b)
Start importing Assets/Level Scripts/Level1.asset using Guid(3c0afbf594020b546bd58d9eacf079eb) Importer(815301076,1909f56bfc062723c751e8b465ee728b)  -> (artifact id: '3fccd2fbe34d953cced9c2a975620042') in 0.019285 seconds
  Import took 0.022143 seconds .

========================================================================
Received Import Request.
  Time since last request: 458.874411 seconds.
  path: Assets/Scripts/GameManager.cs
  artifactKey: Guid(f742f79742572f54bb71b42799345874) Importer(815301076,1909f56bfc062723c751e8b465ee728b)
Start importing Assets/Scripts/GameManager.cs using Guid(f742f79742572f54bb71b42799345874) Importer(815301076,1909f56bfc062723c751e8b465ee728b)  -> (artifact id: 'ea4b6d01d0c4b7b6953ce05d935464a0') in 0.005662 seconds
  Import took 0.009853 seconds .

========================================================================
Received Import Request.
  Time since last request: 19.296441 seconds.
  path: Assets/Scripts/GameManager.cs
  artifactKey: Guid(f742f79742572f54bb71b42799345874) Importer(815301076,1909f56bfc062723c751e8b465ee728b)
Start importing Assets/Scripts/GameManager.cs using Guid(f742f79742572f54bb71b42799345874) Importer(815301076,1909f56bfc062723c751e8b465ee728b)  -> (artifact id: '7db7a6739936ee7c23164f8ab0de8342') in 0.003151 seconds
  Import took 0.006705 seconds .

========================================================================
Received Import Request.
  Time since last request: 15.518485 seconds.
  path: Assets/Scripts/GameManager.cs
  artifactKey: Guid(f742f79742572f54bb71b42799345874) Importer(815301076,1909f56bfc062723c751e8b465ee728b)
Start importing Assets/Scripts/GameManager.cs using Guid(f742f79742572f54bb71b42799345874) Importer(815301076,1909f56bfc062723c751e8b465ee728b)  -> (artifact id: 'de94d98c96d26658b0b40b9d2b3073dd') in 0.002464 seconds
  Import took 0.005068 seconds .

========================================================================
Received Import Request.
  Time since last request: 61.578814 seconds.
  path: Assets/Scripts/GameManager.cs
  artifactKey: Guid(f742f79742572f54bb71b42799345874) Importer(815301076,1909f56bfc062723c751e8b465ee728b)
Start importing Assets/Scripts/GameManager.cs using Guid(f742f79742572f54bb71b42799345874) Importer(815301076,1909f56bfc062723c751e8b465ee728b)  -> (artifact id: '30aa87077ee7e55993de515e3d746e56') in 0.002756 seconds
  Import took 0.006051 seconds .

========================================================================
Received Prepare
Registering precompiled user dll's ...
Registered in 0.004003 seconds.
Begin MonoManager ReloadAssembly
Native extension for WindowsStandalone target not found
Refreshing native plugins compatible for Editor in 0.58 ms, found 2 plugins.
Preloading 0 native plugins for Editor in 0.00 ms.
Mono: successfully reloaded assembly
- Completed reload, in  0.902 seconds
Platform modules already initialized, skipping
Refreshing native plugins compatible for Editor in 0.55 ms, found 2 plugins.
Preloading 0 native plugins for Editor in 0.00 ms.
Unloading 1724 Unused Serialized files (Serialized files now loaded: 0)
System memory in use before: 92.9 MB.
System memory in use after: 92.9 MB.

Unloading 17 unused Assets to reduce memory usage. Loaded Objects now: 2222.
Total: 2.335800 ms (FindLiveObjects: 0.227300 ms CreateObjectMapping: 0.079100 ms MarkObjects: 1.965500 ms  DeleteObjects: 0.062000 ms)

========================================================================
Received Prepare
Registering precompiled user dll's ...
Registered in 0.003867 seconds.
Begin MonoManager ReloadAssembly
Native extension for WindowsStandalone target not found
Refreshing native plugins compatible for Editor in 0.63 ms, found 2 plugins.
Preloading 0 native plugins for Editor in 0.00 ms.
Mono: successfully reloaded assembly
- Completed reload, in  0.817 seconds
Platform modules already initialized, skipping
Refreshing native plugins compatible for Editor in 0.56 ms, found 2 plugins.
Preloading 0 native plugins for Editor in 0.00 ms.
Unloading 1724 Unused Serialized files (Serialized files now loaded: 0)
System memory in use before: 92.9 MB.
System memory in use after: 93.0 MB.

Unloading 17 unused Assets to reduce memory usage. Loaded Objects now: 2225.
Total: 2.399900 ms (FindLiveObjects: 0.287800 ms CreateObjectMapping: 0.110700 ms MarkObjects: 1.935700 ms  DeleteObjects: 0.064000 ms)

========================================================================
Received Prepare
Registering precompiled user dll's ...
Registered in 0.004230 seconds.
Begin MonoManager ReloadAssembly
Native extension for WindowsStandalone target not found
Refreshing native plugins compatible for Editor in 0.55 ms, found 2 plugins.
Preloading 0 native plugins for Editor in 0.00 ms.
Mono: successfully reloaded assembly
- Completed reload, in  0.865 seconds
Platform modules already initialized, skipping
Refreshing native plugins compatible for Editor in 0.57 ms, found 2 plugins.
Preloading 0 native plugins for Editor in 0.00 ms.
Unloading 1724 Unused Serialized files (Serialized files now loaded: 0)
System memory in use before: 92.9 MB.
System memory in use after: 93.0 MB.

Unloading 17 unused Assets to reduce memory usage. Loaded Objects now: 2228.
Total: 2.596700 ms (FindLiveObjects: 0.240000 ms CreateObjectMapping: 0.038000 ms MarkObjects: 2.256100 ms  DeleteObjects: 0.060100 ms)

========================================================================
Received Prepare
Registering precompiled user dll's ...
Registered in 0.004484 seconds.
Begin MonoManager ReloadAssembly
Native extension for WindowsStandalone target not found
Refreshing native plugins compatible for Editor in 0.59 ms, found 2 plugins.
Preloading 0 native plugins for Editor in 0.00 ms.
Mono: successfully reloaded assembly
- Completed reload, in  0.849 seconds
Platform modules already initialized, skipping
Refreshing native plugins compatible for Editor in 0.57 ms, found 2 plugins.
Preloading 0 native plugins for Editor in 0.00 ms.
Unloading 1724 Unused Serialized files (Serialized files now loaded: 0)
System memory in use before: 92.9 MB.
System memory in use after: 93.0 MB.

Unloading 17 unused Assets to reduce memory usage. Loaded Objects now: 2231.
Total: 2.242100 ms (FindLiveObjects: 0.227800 ms CreateObjectMapping: 0.073100 ms MarkObjects: 1.879600 ms  DeleteObjects: 0.060300 ms)

========================================================================
Received Prepare
Registering precompiled user dll's ...
Registered in 0.004183 seconds.
Begin MonoManager ReloadAssembly
Native extension for WindowsStandalone target not found
Refreshing native plugins compatible for Editor in 0.73 ms, found 2 plugins.
Preloading 0 native plugins for Editor in 0.00 ms.
Mono: successfully reloaded assembly
- Completed reload, in  0.879 seconds
Platform modules already initialized, skipping
Refreshing native plugins compatible for Editor in 0.55 ms, found 2 plugins.
Preloading 0 native plugins for Editor in 0.00 ms.
Unloading 1724 Unused Serialized files (Serialized files now loaded: 0)
System memory in use before: 92.9 MB.
System memory in use after: 93.0 MB.

Unloading 17 unused Assets to reduce memory usage. Loaded Objects now: 2234.
Total: 2.471200 ms (FindLiveObjects: 0.240900 ms CreateObjectMapping: 0.073100 ms MarkObjects: 2.091700 ms  DeleteObjects: 0.063800 ms)

========================================================================
Received Import Request.
  Time since last request: 780.808817 seconds.
  path: Assets/Level Scripts/Level1.asset
  artifactKey: Guid(3c0afbf594020b546bd58d9eacf079eb) Importer(815301076,1909f56bfc062723c751e8b465ee728b)
Start importing Assets/Level Scripts/Level1.asset using Guid(3c0afbf594020b546bd58d9eacf079eb) Importer(815301076,1909f56bfc062723c751e8b465ee728b)  -> (artifact id: 'b24a3c6e6c0d21fb78e39ce4e232ed4c') in 0.078471 seconds
  Import took 0.084121 seconds .

========================================================================
Received Import Request.
  Time since last request: 33.040432 seconds.
  path: Assets/Prefabs/Player.prefab
  artifactKey: Guid(fc1a79fa564052b41847346666d69099) Importer(815301076,1909f56bfc062723c751e8b465ee728b)
Start importing Assets/Prefabs/Player.prefab using Guid(fc1a79fa564052b41847346666d69099) Importer(815301076,1909f56bfc062723c751e8b465ee728b)  -> (artifact id: 'ceddacd837b658d8101ed30d278133c6') in 0.107310 seconds
  Import took 0.111025 seconds .

========================================================================
Received Import Request.
  Time since last request: 0.000201 seconds.
  path: Assets/Prefabs/sahne (1).prefab
  artifactKey: Guid(c0d0af95c7ab7d842bf57c327f1f6600) Importer(815301076,1909f56bfc062723c751e8b465ee728b)
Start importing Assets/Prefabs/sahne (1).prefab using Guid(c0d0af95c7ab7d842bf57c327f1f6600) Importer(815301076,1909f56bfc062723c751e8b465ee728b)  -> (artifact id: '20acbd7906e0951c49cae38c2b57c218') in 0.111751 seconds
  Import took 0.118325 seconds .

========================================================================
Received Import Request.
  Time since last request: 0.000228 seconds.
  path: Assets/Prefabs/Player.prefab
  artifactKey: Guid(fc1a79fa564052b41847346666d69099) Importer(815301076,1909f56bfc062723c751e8b465ee728b)
Start importing Assets/Prefabs/Player.prefab using Guid(fc1a79fa564052b41847346666d69099) Importer(815301076,1909f56bfc062723c751e8b465ee728b)  -> (artifact id: 'ceddacd837b658d8101ed30d278133c6') in 0.025605 seconds
  Import took 0.029101 seconds .

========================================================================
Received Import Request.
  Time since last request: 0.000220 seconds.
  path: Assets/Prefabs/sahne (1).prefab
  artifactKey: Guid(c0d0af95c7ab7d842bf57c327f1f6600) Importer(815301076,1909f56bfc062723c751e8b465ee728b)
Start importing Assets/Prefabs/sahne (1).prefab using Guid(c0d0af95c7ab7d842bf57c327f1f6600) Importer(815301076,1909f56bfc062723c751e8b465ee728b)  -> (artifact id: '20acbd7906e0951c49cae38c2b57c218') in 0.080119 seconds
  Import took 0.086430 seconds .

========================================================================
Received Prepare
Registering precompiled user dll's ...
Registered in 0.003925 seconds.
Begin MonoManager ReloadAssembly
Native extension for WindowsStandalone target not found
Refreshing native plugins compatible for Editor in 0.56 ms, found 2 plugins.
Preloading 0 native plugins for Editor in 0.00 ms.
Mono: successfully reloaded assembly
- Completed reload, in  0.874 seconds
Platform modules already initialized, skipping
Refreshing native plugins compatible for Editor in 0.57 ms, found 2 plugins.
Preloading 0 native plugins for Editor in 0.00 ms.
Unloading 1724 Unused Serialized files (Serialized files now loaded: 0)
System memory in use before: 110.2 MB.
System memory in use after: 110.2 MB.

Unloading 17 unused Assets to reduce memory usage. Loaded Objects now: 2247.
Total: 2.244000 ms (FindLiveObjects: 0.303400 ms CreateObjectMapping: 0.107900 ms MarkObjects: 1.767000 ms  DeleteObjects: 0.063700 ms)

========================================================================
Received Prepare
Registering precompiled user dll's ...
Registered in 0.003841 seconds.
Begin MonoManager ReloadAssembly
Native extension for WindowsStandalone target not found
Refreshing native plugins compatible for Editor in 0.56 ms, found 2 plugins.
Preloading 0 native plugins for Editor in 0.00 ms.
Mono: successfully reloaded assembly
- Completed reload, in  0.835 seconds
Platform modules already initialized, skipping
Refreshing native plugins compatible for Editor in 0.56 ms, found 2 plugins.
Preloading 0 native plugins for Editor in 0.00 ms.
Unloading 1724 Unused Serialized files (Serialized files now loaded: 0)
System memory in use before: 110.2 MB.
System memory in use after: 110.2 MB.

Unloading 17 unused Assets to reduce memory usage. Loaded Objects now: 2250.
Total: 2.433300 ms (FindLiveObjects: 0.254500 ms CreateObjectMapping: 0.075200 ms MarkObjects: 2.016800 ms  DeleteObjects: 0.084800 ms)

========================================================================
Received Prepare
Registering precompiled user dll's ...
Registered in 0.004139 seconds.
Begin MonoManager ReloadAssembly
Native extension for WindowsStandalone target not found
Refreshing native plugins compatible for Editor in 0.58 ms, found 2 plugins.
Preloading 0 native plugins for Editor in 0.00 ms.
Mono: successfully reloaded assembly
- Completed reload, in  0.857 seconds
Platform modules already initialized, skipping
Refreshing native plugins compatible for Editor in 0.55 ms, found 2 plugins.
Preloading 0 native plugins for Editor in 0.00 ms.
Unloading 1724 Unused Serialized files (Serialized files now loaded: 0)
System memory in use before: 110.1 MB.
System memory in use after: 110.2 MB.

Unloading 17 unused Assets to reduce memory usage. Loaded Objects now: 2253.
Total: 2.577600 ms (FindLiveObjects: 0.257000 ms CreateObjectMapping: 0.077200 ms MarkObjects: 2.179000 ms  DeleteObjects: 0.062400 ms)

========================================================================
Received Prepare
Registering precompiled user dll's ...
Registered in 0.004256 seconds.
Begin MonoManager ReloadAssembly
Native extension for WindowsStandalone target not found
Refreshing native plugins compatible for Editor in 0.55 ms, found 2 plugins.
Preloading 0 native plugins for Editor in 0.00 ms.
Mono: successfully reloaded assembly
- Completed reload, in  0.830 seconds
Platform modules already initialized, skipping
Refreshing native plugins compatible for Editor in 0.55 ms, found 2 plugins.
Preloading 0 native plugins for Editor in 0.00 ms.
Unloading 1724 Unused Serialized files (Serialized files now loaded: 0)
System memory in use before: 110.1 MB.
System memory in use after: 110.2 MB.

Unloading 17 unused Assets to reduce memory usage. Loaded Objects now: 2256.
Total: 1.841000 ms (FindLiveObjects: 0.182300 ms CreateObjectMapping: 0.040100 ms MarkObjects: 1.553400 ms  DeleteObjects: 0.063500 ms)

========================================================================
Received Prepare
Registering precompiled user dll's ...
Registered in 0.003891 seconds.
Begin MonoManager ReloadAssembly
Native extension for WindowsStandalone target not found
Refreshing native plugins compatible for Editor in 0.57 ms, found 2 plugins.
Preloading 0 native plugins for Editor in 0.00 ms.
Mono: successfully reloaded assembly
- Completed reload, in  0.835 seconds
Platform modules already initialized, skipping
Refreshing native plugins compatible for Editor in 0.59 ms, found 2 plugins.
Preloading 0 native plugins for Editor in 0.00 ms.
Unloading 1724 Unused Serialized files (Serialized files now loaded: 0)
System memory in use before: 110.1 MB.
System memory in use after: 110.2 MB.

Unloading 17 unused Assets to reduce memory usage. Loaded Objects now: 2259.
Total: 2.958600 ms (FindLiveObjects: 0.302800 ms CreateObjectMapping: 0.104700 ms MarkObjects: 2.482000 ms  DeleteObjects: 0.067200 ms)

========================================================================
Received Prepare
Registering precompiled user dll's ...
Registered in 0.003861 seconds.
Begin MonoManager ReloadAssembly
Native extension for WindowsStandalone target not found
Refreshing native plugins compatible for Editor in 0.56 ms, found 2 plugins.
Preloading 0 native plugins for Editor in 0.00 ms.
Mono: successfully reloaded assembly
- Completed reload, in  0.854 seconds
Platform modules already initialized, skipping
Refreshing native plugins compatible for Editor in 0.63 ms, found 2 plugins.
Preloading 0 native plugins for Editor in 0.00 ms.
Unloading 1724 Unused Serialized files (Serialized files now loaded: 0)
System memory in use before: 110.1 MB.
System memory in use after: 110.2 MB.

Unloading 17 unused Assets to reduce memory usage. Loaded Objects now: 2262.
Total: 3.041700 ms (FindLiveObjects: 0.590700 ms CreateObjectMapping: 0.129800 ms MarkObjects: 2.253900 ms  DeleteObjects: 0.065300 ms)

========================================================================
Received Prepare
Registering precompiled user dll's ...
Registered in 0.003916 seconds.
Begin MonoManager ReloadAssembly
Native extension for WindowsStandalone target not found
Refreshing native plugins compatible for Editor in 0.56 ms, found 2 plugins.
Preloading 0 native plugins for Editor in 0.00 ms.
Mono: successfully reloaded assembly
- Completed reload, in  0.843 seconds
Platform modules already initialized, skipping
Refreshing native plugins compatible for Editor in 0.59 ms, found 2 plugins.
Preloading 0 native plugins for Editor in 0.00 ms.
Unloading 1724 Unused Serialized files (Serialized files now loaded: 0)
System memory in use before: 110.1 MB.
System memory in use after: 110.2 MB.

Unloading 17 unused Assets to reduce memory usage. Loaded Objects now: 2265.
Total: 2.459800 ms (FindLiveObjects: 0.344000 ms CreateObjectMapping: 0.144100 ms MarkObjects: 1.914100 ms  DeleteObjects: 0.055400 ms)

========================================================================
Received Prepare
Registering precompiled user dll's ...
Registered in 0.003928 seconds.
Begin MonoManager ReloadAssembly
Native extension for WindowsStandalone target not found
Refreshing native plugins compatible for Editor in 0.58 ms, found 2 plugins.
Preloading 0 native plugins for Editor in 0.00 ms.
Mono: successfully reloaded assembly
- Completed reload, in  0.844 seconds
Platform modules already initialized, skipping
Refreshing native plugins compatible for Editor in 0.60 ms, found 2 plugins.
Preloading 0 native plugins for Editor in 0.00 ms.
Unloading 1724 Unused Serialized files (Serialized files now loaded: 0)
System memory in use before: 110.1 MB.
System memory in use after: 110.2 MB.

Unloading 17 unused Assets to reduce memory usage. Loaded Objects now: 2268.
Total: 2.536700 ms (FindLiveObjects: 0.255100 ms CreateObjectMapping: 0.077800 ms MarkObjects: 2.144900 ms  DeleteObjects: 0.057100 ms)

========================================================================
Received Prepare
Registering precompiled user dll's ...
Registered in 0.004045 seconds.
Begin MonoManager ReloadAssembly
Native extension for WindowsStandalone target not found
Refreshing native plugins compatible for Editor in 0.57 ms, found 2 plugins.
Preloading 0 native plugins for Editor in 0.00 ms.
Mono: successfully reloaded assembly
- Completed reload, in  0.840 seconds
Platform modules already initialized, skipping
Refreshing native plugins compatible for Editor in 0.55 ms, found 2 plugins.
Preloading 0 native plugins for Editor in 0.00 ms.
Unloading 1724 Unused Serialized files (Serialized files now loaded: 0)
System memory in use before: 110.1 MB.
System memory in use after: 110.2 MB.

Unloading 17 unused Assets to reduce memory usage. Loaded Objects now: 2271.
Total: 2.496100 ms (FindLiveObjects: 0.232600 ms CreateObjectMapping: 0.083600 ms MarkObjects: 2.117800 ms  DeleteObjects: 0.060700 ms)

========================================================================
Received Prepare
Registering precompiled user dll's ...
Registered in 0.003936 seconds.
Begin MonoManager ReloadAssembly
Native extension for WindowsStandalone target not found
Refreshing native plugins compatible for Editor in 0.56 ms, found 2 plugins.
Preloading 0 native plugins for Editor in 0.00 ms.
Mono: successfully reloaded assembly
- Completed reload, in  0.868 seconds
Platform modules already initialized, skipping
Refreshing native plugins compatible for Editor in 0.55 ms, found 2 plugins.
Preloading 0 native plugins for Editor in 0.00 ms.
Unloading 1724 Unused Serialized files (Serialized files now loaded: 0)
System memory in use before: 110.1 MB.
System memory in use after: 110.2 MB.

Unloading 17 unused Assets to reduce memory usage. Loaded Objects now: 2274.
Total: 2.593800 ms (FindLiveObjects: 0.288100 ms CreateObjectMapping: 0.175700 ms MarkObjects: 2.045600 ms  DeleteObjects: 0.081600 ms)

========================================================================
Received Prepare
Registering precompiled user dll's ...
Registered in 0.004351 seconds.
Begin MonoManager ReloadAssembly
Native extension for WindowsStandalone target not found
Refreshing native plugins compatible for Editor in 0.54 ms, found 2 plugins.
Preloading 0 native plugins for Editor in 0.00 ms.
Mono: successfully reloaded assembly
- Completed reload, in  0.843 seconds
Platform modules already initialized, skipping
Refreshing native plugins compatible for Editor in 0.61 ms, found 2 plugins.
Preloading 0 native plugins for Editor in 0.00 ms.
Unloading 1724 Unused Serialized files (Serialized files now loaded: 0)
System memory in use before: 110.1 MB.
System memory in use after: 110.2 MB.

Unloading 17 unused Assets to reduce memory usage. Loaded Objects now: 2277.
Total: 2.004200 ms (FindLiveObjects: 0.248200 ms CreateObjectMapping: 0.074300 ms MarkObjects: 1.619100 ms  DeleteObjects: 0.061200 ms)

========================================================================
Received Prepare
Registering precompiled user dll's ...
Registered in 0.003836 seconds.
Begin MonoManager ReloadAssembly
Native extension for WindowsStandalone target not found
Refreshing native plugins compatible for Editor in 0.62 ms, found 2 plugins.
Preloading 0 native plugins for Editor in 0.00 ms.
Mono: successfully reloaded assembly
- Completed reload, in  0.863 seconds
Platform modules already initialized, skipping
Refreshing native plugins compatible for Editor in 0.62 ms, found 2 plugins.
Preloading 0 native plugins for Editor in 0.00 ms.
Unloading 1724 Unused Serialized files (Serialized files now loaded: 0)
System memory in use before: 110.1 MB.
System memory in use after: 110.2 MB.

Unloading 17 unused Assets to reduce memory usage. Loaded Objects now: 2280.
Total: 2.514300 ms (FindLiveObjects: 0.248500 ms CreateObjectMapping: 0.076300 ms MarkObjects: 2.111300 ms  DeleteObjects: 0.076300 ms)

========================================================================
Received Prepare
Registering precompiled user dll's ...
Registered in 0.004315 seconds.
Begin MonoManager ReloadAssembly
Native extension for WindowsStandalone target not found
Refreshing native plugins compatible for Editor in 0.55 ms, found 2 plugins.
Preloading 0 native plugins for Editor in 0.00 ms.
Mono: successfully reloaded assembly
- Completed reload, in  0.836 seconds
Platform modules already initialized, skipping
Refreshing native plugins compatible for Editor in 0.58 ms, found 2 plugins.
Preloading 0 native plugins for Editor in 0.00 ms.
Unloading 1724 Unused Serialized files (Serialized files now loaded: 0)
System memory in use before: 110.1 MB.
System memory in use after: 110.2 MB.

Unloading 17 unused Assets to reduce memory usage. Loaded Objects now: 2283.
Total: 2.370600 ms (FindLiveObjects: 0.188600 ms CreateObjectMapping: 0.042000 ms MarkObjects: 2.079400 ms  DeleteObjects: 0.059500 ms)

========================================================================
Received Prepare
Registering precompiled user dll's ...
Registered in 0.003798 seconds.
Begin MonoManager ReloadAssembly
Native extension for WindowsStandalone target not found
Refreshing native plugins compatible for Editor in 0.56 ms, found 2 plugins.
Preloading 0 native plugins for Editor in 0.00 ms.
Mono: successfully reloaded assembly
- Completed reload, in  0.869 seconds
Platform modules already initialized, skipping
Refreshing native plugins compatible for Editor in 0.55 ms, found 2 plugins.
Preloading 0 native plugins for Editor in 0.00 ms.
Unloading 1724 Unused Serialized files (Serialized files now loaded: 0)
System memory in use before: 110.1 MB.
System memory in use after: 110.2 MB.

Unloading 17 unused Assets to reduce memory usage. Loaded Objects now: 2286.
Total: 2.302200 ms (FindLiveObjects: 0.245800 ms CreateObjectMapping: 0.074600 ms MarkObjects: 1.919500 ms  DeleteObjects: 0.060700 ms)

========================================================================
Received Prepare
Registering precompiled user dll's ...
Registered in 0.004031 seconds.
Begin MonoManager ReloadAssembly
Native extension for WindowsStandalone target not found
Refreshing native plugins compatible for Editor in 0.56 ms, found 2 plugins.
Preloading 0 native plugins for Editor in 0.00 ms.
Mono: successfully reloaded assembly
- Completed reload, in  0.846 seconds
Platform modules already initialized, skipping
Refreshing native plugins compatible for Editor in 0.57 ms, found 2 plugins.
Preloading 0 native plugins for Editor in 0.00 ms.
Unloading 1724 Unused Serialized files (Serialized files now loaded: 0)
System memory in use before: 110.1 MB.
System memory in use after: 110.2 MB.

Unloading 17 unused Assets to reduce memory usage. Loaded Objects now: 2289.
Total: 2.091700 ms (FindLiveObjects: 0.316200 ms CreateObjectMapping: 0.109700 ms MarkObjects: 1.608600 ms  DeleteObjects: 0.055600 ms)

========================================================================
Received Prepare
Registering precompiled user dll's ...
Registered in 0.004384 seconds.
Begin MonoManager ReloadAssembly
Native extension for WindowsStandalone target not found
Refreshing native plugins compatible for Editor in 0.60 ms, found 2 plugins.
Preloading 0 native plugins for Editor in 0.00 ms.
Mono: successfully reloaded assembly
- Completed reload, in  0.857 seconds
Platform modules already initialized, skipping
Refreshing native plugins compatible for Editor in 0.59 ms, found 2 plugins.
Preloading 0 native plugins for Editor in 0.00 ms.
Unloading 1724 Unused Serialized files (Serialized files now loaded: 0)
System memory in use before: 110.1 MB.
System memory in use after: 110.2 MB.

Unloading 17 unused Assets to reduce memory usage. Loaded Objects now: 2292.
Total: 1.990100 ms (FindLiveObjects: 0.241000 ms CreateObjectMapping: 0.078300 ms MarkObjects: 1.610400 ms  DeleteObjects: 0.058800 ms)

========================================================================
Received Prepare
Registering precompiled user dll's ...
Registered in 0.003972 seconds.
Begin MonoManager ReloadAssembly
Native extension for WindowsStandalone target not found
Refreshing native plugins compatible for Editor in 0.71 ms, found 2 plugins.
Preloading 0 native plugins for Editor in 0.00 ms.
Mono: successfully reloaded assembly
- Completed reload, in  0.865 seconds
Platform modules already initialized, skipping
Refreshing native plugins compatible for Editor in 0.56 ms, found 2 plugins.
Preloading 0 native plugins for Editor in 0.00 ms.
Unloading 1724 Unused Serialized files (Serialized files now loaded: 0)
System memory in use before: 110.2 MB.
System memory in use after: 110.2 MB.

Unloading 17 unused Assets to reduce memory usage. Loaded Objects now: 2295.
Total: 2.783500 ms (FindLiveObjects: 0.186300 ms CreateObjectMapping: 0.068800 ms MarkObjects: 2.464800 ms  DeleteObjects: 0.062300 ms)

========================================================================
Received Prepare
Registering precompiled user dll's ...
Registered in 0.083129 seconds.
Begin MonoManager ReloadAssembly
Native extension for WindowsStandalone target not found
Refreshing native plugins compatible for Editor in 0.58 ms, found 2 plugins.
Preloading 0 native plugins for Editor in 0.00 ms.
Mono: successfully reloaded assembly
- Completed reload, in  0.940 seconds
Platform modules already initialized, skipping
Refreshing native plugins compatible for Editor in 0.77 ms, found 2 plugins.
Preloading 0 native plugins for Editor in 0.00 ms.
Unloading 1724 Unused Serialized files (Serialized files now loaded: 0)
System memory in use before: 110.2 MB.
System memory in use after: 110.3 MB.

Unloading 17 unused Assets to reduce memory usage. Loaded Objects now: 2298.
Total: 2.425300 ms (FindLiveObjects: 0.221300 ms CreateObjectMapping: 0.043200 ms MarkObjects: 2.086800 ms  DeleteObjects: 0.072400 ms)

========================================================================
Received Import Request.
  Time since last request: 9830.336495 seconds.
  path: Assets/Scenes/Level1.unity
  artifactKey: Guid(342267870622e604eb0d1ca23cb7e3bc) Importer(815301076,1909f56bfc062723c751e8b465ee728b)
Start importing Assets/Scenes/Level1.unity using Guid(342267870622e604eb0d1ca23cb7e3bc) Importer(815301076,1909f56bfc062723c751e8b465ee728b)  -> (artifact id: '5649c0318bcb8eadbc3582673ac1e11c') in 0.377862 seconds
  Import took 0.382256 seconds .

========================================================================
Received Prepare
Registering precompiled user dll's ...
Registered in 0.003770 seconds.
Begin MonoManager ReloadAssembly
Native extension for WindowsStandalone target not found
Refreshing native plugins compatible for Editor in 0.57 ms, found 2 plugins.
Preloading 0 native plugins for Editor in 0.00 ms.
Mono: successfully reloaded assembly
- Completed reload, in  0.850 seconds
Platform modules already initialized, skipping
Refreshing native plugins compatible for Editor in 0.55 ms, found 2 plugins.
Preloading 0 native plugins for Editor in 0.00 ms.
Unloading 1724 Unused Serialized files (Serialized files now loaded: 0)
System memory in use before: 110.2 MB.
System memory in use after: 110.3 MB.

Unloading 17 unused Assets to reduce memory usage. Loaded Objects now: 2301.
Total: 2.521600 ms (FindLiveObjects: 0.243100 ms CreateObjectMapping: 0.076400 ms MarkObjects: 2.143900 ms  DeleteObjects: 0.056900 ms)

========================================================================
Received Import Request.
  Time since last request: 21.079431 seconds.
  path: Assets/Scenes/Level1.unity
  artifactKey: Guid(342267870622e604eb0d1ca23cb7e3bc) Importer(815301076,1909f56bfc062723c751e8b465ee728b)
Start importing Assets/Scenes/Level1.unity using Guid(342267870622e604eb0d1ca23cb7e3bc) Importer(815301076,1909f56bfc062723c751e8b465ee728b)  -> (artifact id: '645a4506708588278174ee24d34355af') in 0.020779 seconds
  Import took 0.023693 seconds .

========================================================================
Received Import Request.
  Time since last request: 5.981625 seconds.
  path: Assets/Scenes/Eski Level1.unity
  artifactKey: Guid(342267870622e604eb0d1ca23cb7e3bc) Importer(815301076,1909f56bfc062723c751e8b465ee728b)
Start importing Assets/Scenes/Eski Level1.unity using Guid(342267870622e604eb0d1ca23cb7e3bc) Importer(815301076,1909f56bfc062723c751e8b465ee728b)  -> (artifact id: 'ef8af4377d4ed929fb399c0866144d56') in 0.009363 seconds
  Import took 0.012001 seconds .

========================================================================
Received Import Request.
  Time since last request: 1.653033 seconds.
  path: Assets/Scenes/SampleScene.unity
  artifactKey: Guid(9fc0d4010bbf28b4594072e72b8655ab) Importer(815301076,1909f56bfc062723c751e8b465ee728b)
Start importing Assets/Scenes/SampleScene.unity using Guid(9fc0d4010bbf28b4594072e72b8655ab) Importer(815301076,1909f56bfc062723c751e8b465ee728b)  -> (artifact id: '5da9a39c3ebb3cf68afcc406f7d359f9') in 0.009128 seconds
  Import took 0.011941 seconds .

========================================================================
Received Import Request.
  Time since last request: 11.675903 seconds.
  path: Assets/Scenes/Buket sahne.unity
  artifactKey: Guid(5b92c2fb544526e44809f259cf73c223) Importer(815301076,1909f56bfc062723c751e8b465ee728b)
Start importing Assets/Scenes/Buket sahne.unity using Guid(5b92c2fb544526e44809f259cf73c223) Importer(815301076,1909f56bfc062723c751e8b465ee728b)  -> (artifact id: '255daa544a90c3a2a88539f003bc127b') in 0.009627 seconds
  Import took 0.012794 seconds .

========================================================================
Received Import Request.
  Time since last request: 8.023544 seconds.
  path: Assets/Prefabs/sahne (1).prefab
  artifactKey: Guid(c0d0af95c7ab7d842bf57c327f1f6600) Importer(815301076,1909f56bfc062723c751e8b465ee728b)
Start importing Assets/Prefabs/sahne (1).prefab using Guid(c0d0af95c7ab7d842bf57c327f1f6600) Importer(815301076,1909f56bfc062723c751e8b465ee728b)  -> (artifact id: 'f7f4c97576112614ce00266ed7f6e7f8') in 0.230574 seconds
  Import took 0.238517 seconds .

========================================================================
Received Import Request.
  Time since last request: 11.176402 seconds.
  path: Assets/Level Prefabs
  artifactKey: Guid(987b6cece02a4d84da33fbfab6dce21e) Importer(815301076,1909f56bfc062723c751e8b465ee728b)
Start importing Assets/Level Prefabs using Guid(987b6cece02a4d84da33fbfab6dce21e) Importer(815301076,1909f56bfc062723c751e8b465ee728b)  -> (artifact id: '44d8e02579e151cc9a2af318238115d2') in 0.007797 seconds
  Import took 0.011020 seconds .

========================================================================
Received Import Request.
  Time since last request: 3237.195988 seconds.
  path: Assets/Prefabs/Level Prefabs/sahne (1) 1.prefab
  artifactKey: Guid(78ef7ea46f30f564e8494461040447f6) Importer(815301076,1909f56bfc062723c751e8b465ee728b)
Start importing Assets/Prefabs/Level Prefabs/sahne (1) 1.prefab using Guid(78ef7ea46f30f564e8494461040447f6) Importer(815301076,1909f56bfc062723c751e8b465ee728b)  -> (artifact id: 'f10c86aca0942679a523d7c962f9cad0') in 0.127127 seconds
  Import took 0.136538 seconds .

========================================================================
Received Import Request.
  Time since last request: 7.808646 seconds.
  path: Assets/Prefabs/Level Prefabs/sahne (2).prefab
  artifactKey: Guid(78ef7ea46f30f564e8494461040447f6) Importer(815301076,1909f56bfc062723c751e8b465ee728b)
Start importing Assets/Prefabs/Level Prefabs/sahne (2).prefab using Guid(78ef7ea46f30f564e8494461040447f6) Importer(815301076,1909f56bfc062723c751e8b465ee728b)  -> (artifact id: '28e512bf98a7d03ac2448e9e4b494616') in 0.124993 seconds
  Import took 0.132755 seconds .

========================================================================
Received Import Request.
  Time since last request: 28.655408 seconds.
  path: Assets/Prefabs/Level Prefabs/sahne (2) 1.prefab
  artifactKey: Guid(60bc16ba9dd55ea4b89b641d2bc6d184) Importer(815301076,1909f56bfc062723c751e8b465ee728b)
Start importing Assets/Prefabs/Level Prefabs/sahne (2) 1.prefab using Guid(60bc16ba9dd55ea4b89b641d2bc6d184) Importer(815301076,1909f56bfc062723c751e8b465ee728b)  -> (artifact id: 'd24775170d10eeb43399ab6ae46c3194') in 0.131608 seconds
  Import took 0.139694 seconds .

========================================================================
Received Import Request.
  Time since last request: 6.922089 seconds.
  path: Assets/Prefabs/Level Prefabs/sahne (3).prefab
  artifactKey: Guid(60bc16ba9dd55ea4b89b641d2bc6d184) Importer(815301076,1909f56bfc062723c751e8b465ee728b)
Start importing Assets/Prefabs/Level Prefabs/sahne (3).prefab using Guid(60bc16ba9dd55ea4b89b641d2bc6d184) Importer(815301076,1909f56bfc062723c751e8b465ee728b)  -> (artifact id: '01ef190c563b2503f37a0ac42f9d30e8') in 0.118259 seconds
  Import took 0.126129 seconds .

AssetImportWorkerClient::OnTransportError - code=2 error=End of file
